<?xml version="1.0" encoding="UTF-8"?>
<!-- Generated by org.testng.reporters.JUnitReportReporter -->
<testsuite hostname="PROVINCE-DEV-03" failures="0" tests="1" name="Excel" time="3097.604" errors="0" timestamp="2025-08-25T18:16:37 IST" skipped="0">
  <testcase classname="Excel" name="openUrlsFromExcel" time="3097.604"/>
</testsuite> <!-- Excel -->
